<?xml version="1.0" encoding="UTF-8"?>
<testsuite xmlns:xsi="http://www.w3.org/2001/XMLSchema-instance" xsi:schemaLocation="https://maven.apache.org/surefire/maven-surefire-plugin/xsd/surefire-test-report.xsd" name="TestSuite" time="94.399" tests="6" errors="0" skipped="0" failures="4">
  <properties>
[...]
</properties>
  <testcase name="Login" classname="Tests.LoginTest" time="19.171">
    <failure message="Can&apos;t locate an element by this strategy: Locator map: &#10;- native content: &quot;By.chained({By.xpath: //android.widget.TextView[@text=&apos;Logged into App&apos;]})&quot; &#10;- html content: &quot;By.id: &quot;" type="org.openqa.selenium.NoSuchElementException">org.openqa.selenium.NoSuchElementException: 
Can't locate an element by this strategy: Locator map: 
- native content: "By.chained({By.xpath: //android.widget.TextView[@text='Logged into App']})" 
- html content: "By.id: "
	at Tests.LoginTest.Login(LoginTest.java:74)
Caused by: org.openqa.selenium.TimeoutException: Expected condition failed: waiting for io.appium.java_client.pagefactory.AppiumElementLocator$WaitingFunction@120b8e2c (tried for 1 second(s) with 500 MILLISECONDS interval)
	at Tests.LoginTest.Login(LoginTest.java:74)
Caused by: org.openqa.selenium.NoSuchElementException: 
Cannot locate an element using By.chained({By.xpath: //android.widget.TextView[@text='Logged into App']})
For documentation on this error, please visit: http://seleniumhq.org/exceptions/no_such_element.html
Build info: version: '3.6.0', revision: '6fbf3ec767', time: '2017-09-27T15:28:36.4Z'
System info: host: 'M3BIHYDDT040', ip: '192.168.31.186', os.name: 'Windows 10', os.arch: 'amd64', os.version: '10.0', java.version: '1.8.0_112'
Driver info: driver.version: AndroidDriver
	at Tests.LoginTest.Login(LoginTest.java:74)
</failure>
    <system-out><![CDATA[Android Driver
Android Driver
Row Count is: 4 *** Column count is: 2
Row Count is: 4 *** Column count is: 2
123@gmail.com 
asdfjk 
123@gmail.com 
asdfjk 
def@gmail.com 
qwerty 
abc@gmail.com 
123abc 


def@gmail.com 
qwerty 
abc@gmail.com 
123abc 


]]></system-out>
    <system-err><![CDATA[Nov 15, 2017 10:46:41 AM org.openqa.selenium.remote.ProtocolHandshake createSession
INFO: Detected dialect: OSS
Nov 15, 2017 10:46:41 AM org.openqa.selenium.remote.ProtocolHandshake createSession
INFO: Detected dialect: OSS
]]></system-err>
  </testcase>
  <testcase name="Login" classname="Tests.LoginTest" time="19.239">
    <failure message="Can&apos;t locate an element by this strategy: Locator map: &#10;- native content: &quot;By.chained({By.xpath: //android.widget.TextView[@text=&apos;Logged into App&apos;]})&quot; &#10;- html content: &quot;By.id: &quot;" type="org.openqa.selenium.NoSuchElementException">org.openqa.selenium.NoSuchElementException: 
Can't locate an element by this strategy: Locator map: 
- native content: "By.chained({By.xpath: //android.widget.TextView[@text='Logged into App']})" 
- html content: "By.id: "
	at Tests.LoginTest.Login(LoginTest.java:74)
Caused by: org.openqa.selenium.TimeoutException: Expected condition failed: waiting for io.appium.java_client.pagefactory.AppiumElementLocator$WaitingFunction@213385b3 (tried for 1 second(s) with 500 MILLISECONDS interval)
	at Tests.LoginTest.Login(LoginTest.java:74)
Caused by: org.openqa.selenium.NoSuchElementException: 
Cannot locate an element using By.chained({By.xpath: //android.widget.TextView[@text='Logged into App']})
For documentation on this error, please visit: http://seleniumhq.org/exceptions/no_such_element.html
Build info: version: '3.6.0', revision: '6fbf3ec767', time: '2017-09-27T15:28:36.4Z'
System info: host: 'M3BIHYDDT040', ip: '192.168.31.186', os.name: 'Windows 10', os.arch: 'amd64', os.version: '10.0', java.version: '1.8.0_112'
Driver info: driver.version: AndroidDriver
	at Tests.LoginTest.Login(LoginTest.java:74)
</failure>
  </testcase>
  <testcase name="Login" classname="Tests.LoginTest" time="19.739">
    <failure message="Can&apos;t locate an element by this strategy: Locator map: &#10;- native content: &quot;By.chained({By.xpath: //android.widget.TextView[@text=&apos;Logged into App&apos;]})&quot; &#10;- html content: &quot;By.id: &quot;" type="org.openqa.selenium.NoSuchElementException">org.openqa.selenium.NoSuchElementException: 
Can't locate an element by this strategy: Locator map: 
- native content: "By.chained({By.xpath: //android.widget.TextView[@text='Logged into App']})" 
- html content: "By.id: "
	at Tests.LoginTest.Login(LoginTest.java:74)
Caused by: org.openqa.selenium.TimeoutException: Expected condition failed: waiting for io.appium.java_client.pagefactory.AppiumElementLocator$WaitingFunction@5dcaa6a6 (tried for 1 second(s) with 500 MILLISECONDS interval)
	at Tests.LoginTest.Login(LoginTest.java:74)
Caused by: org.openqa.selenium.NoSuchElementException: 
Cannot locate an element using By.chained({By.xpath: //android.widget.TextView[@text='Logged into App']})
For documentation on this error, please visit: http://seleniumhq.org/exceptions/no_such_element.html
Build info: version: '3.6.0', revision: '6fbf3ec767', time: '2017-09-27T15:28:36.4Z'
System info: host: 'M3BIHYDDT040', ip: '192.168.31.186', os.name: 'Windows 10', os.arch: 'amd64', os.version: '10.0', java.version: '1.8.0_112'
Driver info: driver.version: AndroidDriver
	at Tests.LoginTest.Login(LoginTest.java:74)
</failure>
    <system-out><![CDATA[org.openqa.selenium.NoSuchElementException: Can't locate an element by this strategy: Locator map: 
- native content: "By.chained({By.xpath: //android.widget.TextView[@text='Logged into App']})" 
- html content: "By.id: "
	at io.appium.java_client.pagefactory.AppiumElementLocator.findElement(AppiumElementLocator.java:102)
	at io.appium.java_client.pagefactory.interceptors.InterceptorOfASingleElement.intercept(InterceptorOfASingleElement.java:61)
	at io.appium.java_client.android.AndroidElement$$EnhancerByCGLIB$$b598166c.getText(<generated>)
	at ObjectRepository.LoginPageObjects.verifyHomePage(LoginPageObjects.java:94)
	at Tests.LoginTest.Login(LoginTest.java:74)
	at sun.reflect.NativeMethodAccessorImpl.invoke0(Native Method)
	at sun.reflect.NativeMethodAccessorImpl.invoke(NativeMethodAccessorImpl.java:62)
	at sun.reflect.DelegatingMethodAccessorImpl.invoke(DelegatingMethodAccessorImpl.java:43)
	at java.lang.reflect.Method.invoke(Method.java:498)
	at org.testng.internal.MethodInvocationHelper.invokeMethod(MethodInvocationHelper.java:108)
	at org.testng.internal.Invoker.invokeMethod(Invoker.java:661)
	at org.testng.internal.Invoker.invokeTestMethod(Invoker.java:869)
	at org.testng.internal.Invoker.invokeTestMethods(Invoker.java:1193)
	at org.testng.internal.TestMethodWorker.invokeTestMethods(TestMethodWorker.java:126)
	at org.testng.internal.TestMethodWorker.run(TestMethodWorker.java:109)
	at org.testng.TestRunner.privateRun(TestRunner.java:744)
	at org.testng.TestRunner.run(TestRunner.java:602)
	at org.testng.SuiteRunner.runTest(SuiteRunner.java:380)
	at org.testng.SuiteRunner.access$000(SuiteRunner.java:39)
	at org.testng.SuiteRunner$SuiteWorker.run(SuiteRunner.java:414)
	at org.testng.internal.thread.ThreadUtil$1.call(ThreadUtil.java:52)
	at java.util.concurrent.FutureTask.run(FutureTask.java:266)
	at java.util.concurrent.ThreadPoolExecutor.runWorker(ThreadPoolExecutor.java:1142)
	at java.util.concurrent.ThreadPoolExecutor$Worker.run(ThreadPoolExecutor.java:617)
	at java.lang.Thread.run(Thread.java:745)
Caused by: org.openqa.selenium.TimeoutException: Expected condition failed: waiting for io.appium.java_client.pagefactory.AppiumElementLocator$WaitingFunction@120b8e2c (tried for 1 second(s) with 500 MILLISECONDS interval)
	at org.openqa.selenium.support.ui.FluentWait.timeoutException(FluentWait.java:263)
	at org.openqa.selenium.support.ui.FluentWait.until(FluentWait.java:231)
	at io.appium.java_client.pagefactory.AppiumElementLocator.waitFor(AppiumElementLocator.java:76)
	at io.appium.java_client.pagefactory.AppiumElementLocator.findElement(AppiumElementLocator.java:95)
	... 24 more
Caused by: org.openqa.selenium.NoSuchElementException: Cannot locate an element using By.chained({By.xpath: //android.widget.TextView[@text='Logged into App']})
For documentation on this error, please visit: http://seleniumhq.org/exceptions/no_such_element.html
Build info: version: '3.6.0', revision: '6fbf3ec767', time: '2017-09-27T15:28:36.4Z'
System info: host: 'M3BIHYDDT040', ip: '192.168.31.186', os.name: 'Windows 10', os.arch: 'amd64', os.version: '10.0', java.version: '1.8.0_112'
Driver info: driver.version: AndroidDriver
	at io.appium.java_client.pagefactory.bys.builder.ByChained.findElement(ByChained.java:72)
	at org.openqa.selenium.remote.RemoteWebDriver.findElement(RemoteWebDriver.java:348)
	at io.appium.java_client.DefaultGenericMobileDriver.findElement(DefaultGenericMobileDriver.java:58)
	at io.appium.java_client.AppiumDriver.findElement(AppiumDriver.java:1)
	at io.appium.java_client.android.AndroidDriver.findElement(AndroidDriver.java:1)
	at io.appium.java_client.pagefactory.bys.ContentMappedBy.findElement(ContentMappedBy.java:36)
	at org.openqa.selenium.remote.RemoteWebDriver.findElement(RemoteWebDriver.java:348)
	at io.appium.java_client.DefaultGenericMobileDriver.findElement(DefaultGenericMobileDriver.java:58)
	at io.appium.java_client.AppiumDriver.findElement(AppiumDriver.java:1)
	at io.appium.java_client.android.AndroidDriver.findElement(AndroidDriver.java:1)
	at io.appium.java_client.pagefactory.AppiumElementLocator.lambda$0(AppiumElementLocator.java:96)
	at io.appium.java_client.pagefactory.AppiumElementLocator$WaitingFunction.apply(AppiumElementLocator.java:150)
	at io.appium.java_client.pagefactory.AppiumElementLocator$WaitingFunction.apply(AppiumElementLocator.java:1)
	at org.openqa.selenium.support.ui.FluentWait.until(FluentWait.java:208)
	... 26 more

org.openqa.selenium.NoSuchElementException: Can't locate an element by this strategy: Locator map: 
- native content: "By.chained({By.xpath: //android.widget.TextView[@text='Logged into App']})" 
- html content: "By.id: "
	at io.appium.java_client.pagefactory.AppiumElementLocator.findElement(AppiumElementLocator.java:102)
	at io.appium.java_client.pagefactory.interceptors.InterceptorOfASingleElement.intercept(InterceptorOfASingleElement.java:61)
	at io.appium.java_client.android.AndroidElement$$EnhancerByCGLIB$$b598166c.getText(<generated>)
	at ObjectRepository.LoginPageObjects.verifyHomePage(LoginPageObjects.java:94)
	at Tests.LoginTest.Login(LoginTest.java:74)
	at sun.reflect.NativeMethodAccessorImpl.invoke0(Native Method)
	at sun.reflect.NativeMethodAccessorImpl.invoke(NativeMethodAccessorImpl.java:62)
	at sun.reflect.DelegatingMethodAccessorImpl.invoke(DelegatingMethodAccessorImpl.java:43)
	at java.lang.reflect.Method.invoke(Method.java:498)
	at org.testng.internal.MethodInvocationHelper.invokeMethod(MethodInvocationHelper.java:108)
	at org.testng.internal.Invoker.invokeMethod(Invoker.java:661)
	at org.testng.internal.Invoker.invokeTestMethod(Invoker.java:869)
	at org.testng.internal.Invoker.invokeTestMethods(Invoker.java:1193)
	at org.testng.internal.TestMethodWorker.invokeTestMethods(TestMethodWorker.java:126)
	at org.testng.internal.TestMethodWorker.run(TestMethodWorker.java:109)
	at org.testng.TestRunner.privateRun(TestRunner.java:744)
	at org.testng.TestRunner.run(TestRunner.java:602)
	at org.testng.SuiteRunner.runTest(SuiteRunner.java:380)
	at org.testng.SuiteRunner.access$000(SuiteRunner.java:39)
	at org.testng.SuiteRunner$SuiteWorker.run(SuiteRunner.java:414)
	at org.testng.internal.thread.ThreadUtil$1.call(ThreadUtil.java:52)
	at java.util.concurrent.FutureTask.run(FutureTask.java:266)
	at java.util.concurrent.ThreadPoolExecutor.runWorker(ThreadPoolExecutor.java:1142)
	at java.util.concurrent.ThreadPoolExecutor$Worker.run(ThreadPoolExecutor.java:617)
	at java.lang.Thread.run(Thread.java:745)
Caused by: org.openqa.selenium.TimeoutException: Expected condition failed: waiting for io.appium.java_client.pagefactory.AppiumElementLocator$WaitingFunction@213385b3 (tried for 1 second(s) with 500 MILLISECONDS interval)
	at org.openqa.selenium.support.ui.FluentWait.timeoutException(FluentWait.java:263)
	at org.openqa.selenium.support.ui.FluentWait.until(FluentWait.java:231)
	at io.appium.java_client.pagefactory.AppiumElementLocator.waitFor(AppiumElementLocator.java:76)
	at io.appium.java_client.pagefactory.AppiumElementLocator.findElement(AppiumElementLocator.java:95)
	... 24 more
Caused by: org.openqa.selenium.NoSuchElementException: Cannot locate an element using By.chained({By.xpath: //android.widget.TextView[@text='Logged into App']})
For documentation on this error, please visit: http://seleniumhq.org/exceptions/no_such_element.html
Build info: version: '3.6.0', revision: '6fbf3ec767', time: '2017-09-27T15:28:36.4Z'
System info: host: 'M3BIHYDDT040', ip: '192.168.31.186', os.name: 'Windows 10', os.arch: 'amd64', os.version: '10.0', java.version: '1.8.0_112'
Driver info: driver.version: AndroidDriver
	at io.appium.java_client.pagefactory.bys.builder.ByChained.findElement(ByChained.java:72)
	at org.openqa.selenium.remote.RemoteWebDriver.findElement(RemoteWebDriver.java:348)
	at io.appium.java_client.DefaultGenericMobileDriver.findElement(DefaultGenericMobileDriver.java:58)
	at io.appium.java_client.AppiumDriver.findElement(AppiumDriver.java:1)
	at io.appium.java_client.android.AndroidDriver.findElement(AndroidDriver.java:1)
	at io.appium.java_client.pagefactory.bys.ContentMappedBy.findElement(ContentMappedBy.java:36)
	at org.openqa.selenium.remote.RemoteWebDriver.findElement(RemoteWebDriver.java:348)
	at io.appium.java_client.DefaultGenericMobileDriver.findElement(DefaultGenericMobileDriver.java:58)
	at io.appium.java_client.AppiumDriver.findElement(AppiumDriver.java:1)
	at io.appium.java_client.android.AndroidDriver.findElement(AndroidDriver.java:1)
	at io.appium.java_client.pagefactory.AppiumElementLocator.lambda$0(AppiumElementLocator.java:96)
	at io.appium.java_client.pagefactory.AppiumElementLocator$WaitingFunction.apply(AppiumElementLocator.java:150)
	at io.appium.java_client.pagefactory.AppiumElementLocator$WaitingFunction.apply(AppiumElementLocator.java:1)
	at org.openqa.selenium.support.ui.FluentWait.until(FluentWait.java:208)
	... 26 more

]]></system-out>
  </testcase>
  <testcase name="Login" classname="Tests.LoginTest" time="20.252">
    <failure message="Can&apos;t locate an element by this strategy: Locator map: &#10;- native content: &quot;By.chained({By.xpath: //android.widget.TextView[@text=&apos;Logged into App&apos;]})&quot; &#10;- html content: &quot;By.id: &quot;" type="org.openqa.selenium.NoSuchElementException">org.openqa.selenium.NoSuchElementException: 
Can't locate an element by this strategy: Locator map: 
- native content: "By.chained({By.xpath: //android.widget.TextView[@text='Logged into App']})" 
- html content: "By.id: "
	at Tests.LoginTest.Login(LoginTest.java:74)
Caused by: org.openqa.selenium.TimeoutException: Expected condition failed: waiting for io.appium.java_client.pagefactory.AppiumElementLocator$WaitingFunction@51820ff8 (tried for 1 second(s) with 500 MILLISECONDS interval)
	at Tests.LoginTest.Login(LoginTest.java:74)
Caused by: org.openqa.selenium.NoSuchElementException: 
Cannot locate an element using By.chained({By.xpath: //android.widget.TextView[@text='Logged into App']})
For documentation on this error, please visit: http://seleniumhq.org/exceptions/no_such_element.html
Build info: version: '3.6.0', revision: '6fbf3ec767', time: '2017-09-27T15:28:36.4Z'
System info: host: 'M3BIHYDDT040', ip: '192.168.31.186', os.name: 'Windows 10', os.arch: 'amd64', os.version: '10.0', java.version: '1.8.0_112'
Driver info: driver.version: AndroidDriver
	at Tests.LoginTest.Login(LoginTest.java:74)
</failure>
  </testcase>
  <testcase name="Login" classname="Tests.LoginTest" time="15.553"/>
  <testcase name="Login" classname="Tests.LoginTest" time="22.911"/>
</testsuite>